[    0.000000] Initializing cgroup subsys cpuset
[    0.000000] Initializing cgroup subsys cpu
[    0.000000] Initializing cgroup subsys cpuacct
[    0.000000] Linux version 4.4.0-210-generic (buildd@lgw01-amd64-009) (gcc version 5.4.0 20160609 (Ubuntu 5.4.0-6ubuntu1~16.04.12) ) #242-Ubuntu SMP Fri Apr 16 09:57:56 UTC 2021 (Ubuntu 4.4.0-210.242-generic 4.4.262)
[    0.000000] Command line: BOOT_IMAGE=/boot/vmlinuz-4.4.0-210-generic root=LABEL=cloudimg-rootfs ro console=tty1 console=ttyS0
[    0.000000] KERNEL supported cpus:
[    0.000000]   Intel GenuineIntel
[    0.000000]   AMD AuthenticAMD
[    0.000000]   Centaur CentaurHauls
[    0.000000] [Firmware Bug]: TSC doesn't count with P0 frequency!
[    0.000000] x86/fpu: Legacy x87 FPU detected.
[    0.000000] e820: BIOS-provided physical RAM map:
[    0.000000] BIOS-e820: [mem 0x0000000000000000-0x000000000009fbff] usable
[    0.000000] BIOS-e820: [mem 0x000000000009fc00-0x000000000009ffff] reserved
[    0.000000] BIOS-e820: [mem 0x00000000000f0000-0x00000000000fffff] reserved
[    0.000000] BIOS-e820: [mem 0x0000000000100000-0x000000003ffeffff] usable
[    0.000000] BIOS-e820: [mem 0x000000003fff0000-0x000000003fffffff] ACPI data
[    0.000000] BIOS-e820: [mem 0x00000000fec00000-0x00000000fec00fff] reserved
[    0.000000] BIOS-e820: [mem 0x00000000fee00000-0x00000000fee00fff] reserved
[    0.000000] BIOS-e820: [mem 0x00000000fffc0000-0x00000000ffffffff] reserved
[    0.000000] NX (Execute Disable) protection: active
[    0.000000] SMBIOS 2.5 present.
[    0.000000] Hypervisor detected: KVM
[    0.000000] Kernel/User page tables isolation: disabled
[    0.000000] e820: last_pfn = 0x3fff0 max_arch_pfn = 0x400000000
[    0.000000] MTRR: Disabled
[    0.000000] x86/PAT: MTRRs disabled, skipping PAT initialization too.
[    0.000000] CPU MTRRs all blank - virtualized system.
[    0.000000] x86/PAT: Configuration [0-7]: WB  WT  UC- UC  WB  WT  UC- UC  
[    0.000000] found SMP MP-table at [mem 0x0009fff0-0x0009ffff] mapped at [ffff88000009fff0]
[    0.000000] Scanning 1 areas for low memory corruption
[    0.000000] RAMDISK: [mem 0x362dc000-0x37165fff]
[    0.000000] ACPI: Early table checksum verification disabled
[    0.000000] ACPI: RSDP 0x00000000000E0000 000024 (v02 VBOX  )
[    0.000000] ACPI: XSDT 0x000000003FFF0030 00003C (v01 VBOX   VBOXXSDT 00000001 ASL  00000061)
[    0.000000] ACPI: FACP 0x000000003FFF00F0 0000F4 (v04 VBOX   VBOXFACP 00000001 ASL  00000061)
[    0.000000] ACPI: DSDT 0x000000003FFF0610 002353 (v02 VBOX   VBOXBIOS 00000002 INTL 20100528)
[    0.000000] ACPI: FACS 0x000000003FFF0200 000040
[    0.000000] ACPI: FACS 0x000000003FFF0200 000040
[    0.000000] ACPI: APIC 0x000000003FFF0240 00005C (v02 VBOX   VBOXAPIC 00000001 ASL  00000061)
[    0.000000] ACPI: SSDT 0x000000003FFF02A0 00036C (v01 VBOX   VBOXCPUT 00000002 INTL 20100528)
[    0.000000] No NUMA configuration found
[    0.000000] Faking a node at [mem 0x0000000000000000-0x000000003ffeffff]
[    0.000000] NODE_DATA(0) allocated [mem 0x3ffeb000-0x3ffeffff]
[    0.000000] kvm-clock: Using msrs 4b564d01 and 4b564d00
[    0.000000] kvm-clock: cpu 0, msr 0:3ffe3001, primary cpu clock
[    0.000000] kvm-clock: using sched offset of 22172507552 cycles
[    0.000000] clocksource: kvm-clock: mask: 0xffffffffffffffff max_cycles: 0x1cd42e4dffb, max_idle_ns: 881590591483 ns
[    0.000000] Zone ranges:
[    0.000000]   DMA      [mem 0x0000000000001000-0x0000000000ffffff]
[    0.000000]   DMA32    [mem 0x0000000001000000-0x000000003ffeffff]
[    0.000000]   Normal   empty
[    0.000000]   Device   empty
[    0.000000] Movable zone start for each node
[    0.000000] Early memory node ranges
[    0.000000]   node   0: [mem 0x0000000000001000-0x000000000009efff]
[    0.000000]   node   0: [mem 0x0000000000100000-0x000000003ffeffff]
[    0.000000] Initmem setup node 0 [mem 0x0000000000001000-0x000000003ffeffff]
[    0.000000] ACPI: PM-Timer IO Port: 0x4008
[    0.000000] IOAPIC[0]: apic_id 2, version 32, address 0xfec00000, GSI 0-23
[    0.000000] ACPI: INT_SRC_OVR (bus 0 bus_irq 0 global_irq 2 dfl dfl)
[    0.000000] ACPI: INT_SRC_OVR (bus 0 bus_irq 9 global_irq 9 low level)
[    0.000000] Using ACPI (MADT) for SMP configuration information
[    0.000000] smpboot: Allowing 2 CPUs, 0 hotplug CPUs
[    0.000000] PM: Registered nosave memory: [mem 0x00000000-0x00000fff]
[    0.000000] PM: Registered nosave memory: [mem 0x0009f000-0x0009ffff]
[    0.000000] PM: Registered nosave memory: [mem 0x000a0000-0x000effff]
[    0.000000] PM: Registered nosave memory: [mem 0x000f0000-0x000fffff]
[    0.000000] e820: [mem 0x40000000-0xfebfffff] available for PCI devices
[    0.000000] Booting paravirtualized kernel on KVM
[    0.000000] clocksource: refined-jiffies: mask: 0xffffffff max_cycles: 0xffffffff, max_idle_ns: 7645519600211568 ns
[    0.000000] setup_percpu: NR_CPUS:512 nr_cpumask_bits:512 nr_cpu_ids:2 nr_node_ids:1
[    0.000000] PERCPU: Embedded 33 pages/cpu @ffff88003fc00000 s95192 r8192 d31784 u1048576
[    0.000000] Built 1 zonelists in Node order, mobility grouping on.  Total pages: 257912
[    0.000000] Policy zone: DMA32
[    0.000000] Kernel command line: BOOT_IMAGE=/boot/vmlinuz-4.4.0-210-generic root=LABEL=cloudimg-rootfs ro console=tty1 console=ttyS0
[    0.000000] PID hash table entries: 4096 (order: 3, 32768 bytes)
[    0.000000] Memory: 997792K/1048120K available (8644K kernel code, 1332K rwdata, 4044K rodata, 1492K init, 1164K bss, 50328K reserved, 0K cma-reserved)
[    0.000000] SLUB: HWalign=64, Order=0-3, MinObjects=0, CPUs=2, Nodes=1
[    0.000000] Hierarchical RCU implementation.
[    0.000000] 	Build-time adjustment of leaf fanout to 64.
[    0.000000] 	RCU restricting CPUs from NR_CPUS=512 to nr_cpu_ids=2.
[    0.000000] RCU: Adjusting geometry for rcu_fanout_leaf=64, nr_cpu_ids=2
[    0.000000] NR_IRQS:33024 nr_irqs:440 16
[    0.000000] Console: colour VGA+ 80x25
[    0.000000] console [tty1] enabled
[    0.000000] console [ttyS0] enabled
[    0.000000] tsc: Detected 2295.614 MHz processor
[   12.000096] Calibrating delay loop (skipped) preset value.. 4591.22 BogoMIPS (lpj=9182456)
[   12.262289] pid_max: default: 32768 minimum: 301
[   12.447062] ACPI: Core revision 20150930
[   12.672160] ACPI: 2 ACPI AML tables successfully acquired and loaded
[   12.913194] Security Framework initialized
[   13.042697] Yama: becoming mindful.
[   13.195982] AppArmor: AppArmor initialized
[   13.333154] Dentry cache hash table entries: 131072 (order: 8, 1048576 bytes)
[   13.895002] Inode-cache hash table entries: 65536 (order: 7, 524288 bytes)
[   14.231335] Mount-cache hash table entries: 2048 (order: 2, 16384 bytes)
[   14.405387] Mountpoint-cache hash table entries: 2048 (order: 2, 16384 bytes)
[   14.657100] Initializing cgroup subsys io
[   14.781456] Initializing cgroup subsys memory
[   14.972028] Initializing cgroup subsys devices
[   15.179471] Initializing cgroup subsys freezer
[   15.373164] Initializing cgroup subsys net_cls
[   15.521534] Initializing cgroup subsys perf_event
[   15.681803] Initializing cgroup subsys net_prio
[   15.856970] Initializing cgroup subsys hugetlb
[   16.051526] Initializing cgroup subsys pids
[   16.650317] mce: CPU supports 0 MCE banks
[   16.768875] Last level iTLB entries: 4KB 1024, 2MB 1024, 4MB 512
[   16.927399] Last level dTLB entries: 4KB 1536, 2MB 1536, 4MB 768, 1GB 0
[   17.110464] Spectre V1 : Mitigation: usercopy/swapgs barriers and __user pointer sanitization
[   17.367937] Spectre V2 : Spectre mitigation: LFENCE not serializing, switching to generic retpoline
[   17.660350] Spectre V2 : Mitigation: Full generic retpoline
[   17.888180] Spectre V2 : Spectre v2 / SpectreRSB mitigation: Filling RSB on context switch
[   19.657647] Freeing SMP alternatives memory: 36K
[   23.373614] ftrace: allocating 32380 entries in 127 pages
[   37.346776] smpboot: APIC(0) Converting physical 0 to logical package 0
[   37.549456] smpboot: Max logical packages: 1
[   37.998150] ..TIMER: vector=0x30 apic1=0 pin1=2 apic2=-1 pin2=-1
[   38.228109] smpboot: CPU0: AMD Ryzen 7 3700U with Radeon Vega Mobile Gfx (family: 0x17, model: 0x18, stepping: 0x1)
[   38.439172] Performance Events: Broken PMU hardware detected, using software events only.
[   38.589410] Failed to access perfctr msr (MSR c0010007 is 0)
[   41.772000] KVM setup paravirtual spinlock
[   41.944924] x86: Booting SMP configuration:
[   42.032740] .... node  #0, CPUs:      #1
[   42.217734] kvm-clock: cpu 1, msr 0:3ffe3041, secondary cpu clock
[   42.605115] mce: CPU supports 0 MCE banks
[   42.668409] TSC synchronization [CPU#0 -> CPU#1]:
[   42.749843] Measured 332036 cycles TSC warp between CPUs, turning off TSC clock.
[   42.865116] tsc: Marking TSC unstable due to check_tsc_sync_source failed
[   43.053765] x86: Booted up 1 node, 2 CPUs
[   43.138047] smpboot: Total of 2 processors activated (9182.45 BogoMIPS)
[   11.263861] devtmpfs: initialized
[   11.296000] evm: security.selinux
[   11.304052] evm: security.SMACK64
[   11.312036] evm: security.SMACK64EXEC
[   11.320039] evm: security.SMACK64TRANSMUTE
[   11.328039] evm: security.SMACK64MMAP
[   11.332038] evm: security.ima
[   11.336040] evm: security.capability
[   11.405502] clocksource: jiffies: mask: 0xffffffff max_cycles: 0xffffffff, max_idle_ns: 7645041785100000 ns
[   11.412168] futex hash table entries: 512 (order: 3, 32768 bytes)
[   11.434910] pinctrl core: initialized pinctrl subsystem
[   11.448059] RTC time: 15:11:01, date: 02/27/23
[   11.504000] NET: Registered protocol family 16
[   11.716096] cpuidle: using governor ladder
[   11.760114] cpuidle: using governor menu
[   11.769906] PCCT header not found.
[   11.850111] ACPI: bus type PCI registered
[   12.052067] acpiphp: ACPI Hot Plug PCI Controller Driver version: 0.5
[   12.264046] PCI: Using configuration type 1 for base access
[   12.420050] PCI: Using configuration type 1 for extended access
[   12.764672] ACPI: Added _OSI(Module Device)
[   12.772049] ACPI: Added _OSI(Processor Device)
[   12.780050] ACPI: Added _OSI(3.0 _SCP Extensions)
[   12.784048] ACPI: Added _OSI(Processor Aggregator Device)
[   12.864166] ACPI: Executed 1 blocks of module-level executable AML code
[   13.020852] ACPI: Interpreter enabled
[   13.152160] ACPI: (supports S0 S5)
[   13.156048] ACPI: Using IOAPIC for interrupt routing
[   13.184750] PCI: Using host bridge windows from ACPI; if necessary, use "pci=nocrs" and report a bug
[   13.884952] ACPI: PCI Root Bridge [PCI0] (domain 0000 [bus 00-ff])
[   13.900137] acpi PNP0A03:00: _OSC: OS supports [ExtendedConfig ASPM ClockPM Segments MSI]
[   14.487226] acpi PNP0A03:00: _OSC: platform does not support [PCIeCapability]
[   14.668000] acpi PNP0A03:00: _OSC: not requesting control; platform does not support [PCIeCapability]
[   14.681438] acpi PNP0A03:00: _OSC: OS requested [PCIeHotplug PME AER PCIeCapability]
[   14.688063] acpi PNP0A03:00: _OSC: platform willing to grant [PCIeHotplug PME AER]
[   14.692061] acpi PNP0A03:00: _OSC failed (AE_SUPPORT); disabling ASPM
[   14.936107] PCI host bridge to bus 0000:00
[   14.940450] pci_bus 0000:00: root bus resource [io  0x0000-0x0cf7 window]
[   14.948070] pci_bus 0000:00: root bus resource [io  0x0d00-0xffff window]
[   14.952060] pci_bus 0000:00: root bus resource [mem 0x000a0000-0x000bffff window]
[   14.996759] pci_bus 0000:00: root bus resource [mem 0x40000000-0xfdffffff window]
[   15.256104] pci_bus 0000:00: root bus resource [bus 00-ff]
[   15.480055] pci 0000:00:01.1: legacy IDE quirk: reg 0x10: [io  0x01f0-0x01f7]
[   15.484063] pci 0000:00:01.1: legacy IDE quirk: reg 0x14: [io  0x03f6]
[   15.488064] pci 0000:00:01.1: legacy IDE quirk: reg 0x18: [io  0x0170-0x0177]
[   15.504060] pci 0000:00:01.1: legacy IDE quirk: reg 0x1c: [io  0x0376]
[   19.624098] pci 0000:00:07.0: quirk: [io  0x4000-0x403f] claimed by PIIX4 ACPI
[   19.848069] pci 0000:00:07.0: quirk: [io  0x4100-0x410f] claimed by PIIX4 SMB
[   20.816000] ACPI: PCI Interrupt Link [LNKA] (IRQs 5 9 10 *11)
[   21.280901] ACPI: PCI Interrupt Link [LNKB] (IRQs 5 9 *10 11)
[   21.360000] ACPI: PCI Interrupt Link [LNKC] (IRQs 5 *9 10 11)
[   21.376000] ACPI: PCI Interrupt Link [LNKD] (IRQs 5 9 10 *11)
[   21.484000] ACPI: Enabled 2 GPEs in block 00 to 07
[   21.601245] vgaarb: setting as boot device: PCI:0000:00:02.0
[   21.604000] vgaarb: device added: PCI:0000:00:02.0,decodes=io+mem,owns=io+mem,locks=none
[   21.604054] vgaarb: loaded
[   21.608047] vgaarb: bridge control possible 0000:00:02.0
[   21.616000] SCSI subsystem initialized
[   21.634665] ACPI: bus type USB registered
[   21.657076] usbcore: registered new interface driver usbfs
[   21.660152] usbcore: registered new interface driver hub
[   21.664160] usbcore: registered new device driver usb
[   21.716000] PCI: Using ACPI for IRQ routing
[   21.812000] NetLabel: Initializing
[   21.812045] NetLabel:  domain hash size = 128
[   21.832033] NetLabel:  protocols = UNLABELED CIPSOv4
[   21.844148] NetLabel:  unlabeled traffic allowed by default
[   21.976388] amd_nb: Cannot enumerate AMD northbridges
[   22.012053] clocksource: Switched to clocksource kvm-clock
[   23.163017] AppArmor: AppArmor Filesystem Enabled
[   23.393620] pnp: PnP ACPI init
[   23.650318] pnp: PnP ACPI: found 3 devices
[   26.363891] clocksource: acpi_pm: mask: 0xffffff max_cycles: 0xffffff, max_idle_ns: 2085701024 ns
[   26.589496] NET: Registered protocol family 2
[   26.810786] TCP established hash table entries: 8192 (order: 4, 65536 bytes)
[   27.009131] TCP bind hash table entries: 8192 (order: 5, 131072 bytes)
[   27.307482] TCP: Hash tables configured (established 8192 bind 8192)
[   27.538183] UDP hash table entries: 512 (order: 2, 16384 bytes)
[   27.820354] UDP-Lite hash table entries: 512 (order: 2, 16384 bytes)
[   28.103728] NET: Registered protocol family 1
[   28.285397] pci 0000:00:00.0: Limiting direct PCI/PCI transfers
[   28.544879] pci 0000:00:01.0: Activating ISA DMA hang workarounds
[   28.771710] Unpacking initramfs...
[   32.265727] hrtimer: interrupt took 28709934 ns
[   46.863015] Freeing initrd memory: 14888K
[   47.027393] clocksource: tsc: mask: 0xffffffffffffffff max_cycles: 0x2117060e56e, max_idle_ns: 440795272947 ns
[   47.323288] platform rtc_cmos: registered platform RTC device (no PNP device found)
[   47.547564] Scanning for low memory corruption every 60 seconds
[   47.756317] audit: initializing netlink subsys (disabled)
[   47.932569] audit: type=2000 audit(1677510688.874:1): initialized
[   48.122042] Initialise system trusted keyring
[   48.402968] HugeTLB registered 2 MB page size, pre-allocated 0 pages
[   48.875251] zbud: loaded
[   49.005213] VFS: Disk quotas dquot_6.6.0
[   49.117036] VFS: Dquot-cache hash table entries: 512 (order 0, 4096 bytes)
[   49.294794] squashfs: version 4.0 (2009/01/31) Phillip Lougher
[   49.482161] fuse init (API version 7.23)
[   49.545399] Key type big_key registered
[   49.703781] Allocating IMA MOK and blacklist keyrings.
[   50.228088] Key type asymmetric registered
[   50.368767] Asymmetric key parser 'x509' registered
[   50.527012] Block layer SCSI generic (bsg) driver version 0.4 loaded (major 249)
[   50.811345] io scheduler noop registered
[   50.947795] io scheduler deadline registered (default)
[   51.072092] io scheduler cfq registered
[   51.251460] pci_hotplug: PCI Hot Plug PCI Core version: 0.5
[   51.352648] pciehp: PCI Express Hot Plug Controller Driver version: 0.4
[   51.493550] ACPI: AC Adapter [AC] (off-line)
[   51.495224] input: Power Button as /devices/LNXSYSTM:00/LNXPWRBN:00/input/input0
[   51.919684] ACPI: Power Button [PWRF]
[   52.068468] input: Sleep Button as /devices/LNXSYSTM:00/LNXSLPBN:00/input/input1
[   52.302292] ACPI: Sleep Button [SLPF]
[   52.414963] GHES: HEST is not enabled!
[   52.443483] ACPI: Battery Slot [BAT0] (battery present)
[   52.546907] Serial: 8250/16550 driver, 32 ports, IRQ sharing enabled
[   52.897979] 00:02: ttyS0 at I/O 0x3f8 (irq = 4, base_baud = 115200) is a 16550A
[   53.873501] Linux agpgart interface v0.103
[   55.077444] loop: module loaded
[   55.424957] scsi host0: ata_piix
[   55.543530] scsi host1: ata_piix
[   55.740845] ata1: PATA max UDMA/33 cmd 0x1f0 ctl 0x3f6 bmdma 0xd000 irq 14
[   56.081763] ata2: PATA max UDMA/33 cmd 0x170 ctl 0x376 bmdma 0xd008 irq 15
[   56.282052] libphy: Fixed MDIO Bus: probed
[   56.409895] tun: Universal TUN/TAP device driver, 1.6
[   56.503084] tun: (C) 1999-2004 Max Krasnyansky <maxk@qualcomm.com>
[   56.893393] PPP generic driver version 2.4.2
[   57.063101] ehci_hcd: USB 2.0 'Enhanced' Host Controller (EHCI) Driver
[   57.285769] ehci-pci: EHCI PCI platform driver
[   57.387506] ehci-platform: EHCI generic platform driver
[   57.494978] ohci_hcd: USB 1.1 'Open' Host Controller (OHCI) Driver
[   57.654914] ohci-pci: OHCI PCI platform driver
[   57.815082] ohci-platform: OHCI generic platform driver
[   58.051913] uhci_hcd: USB Universal Host Controller Interface driver
[   58.260221] i8042: PNP: PS/2 Controller [PNP0303:PS2K,PNP0f03:PS2M] at 0x60,0x64 irq 1,12
[   58.470838] serio: i8042 KBD port at 0x60,0x64 irq 1
[   58.668010] serio: i8042 AUX port at 0x60,0x64 irq 12
[   58.855668] mousedev: PS/2 mouse device common for all mice
[   59.405006] input: AT Translated Set 2 keyboard as /devices/platform/i8042/serio0/input/input2
[   59.406297] rtc_cmos rtc_cmos: rtc core: registered rtc_cmos as rtc0
[   59.418693] rtc_cmos rtc_cmos: alarms up to one day, 114 bytes nvram
[   59.418693] i2c /dev entries driver
[   59.423079] device-mapper: uevent: version 1.0.3
[   59.426085] device-mapper: ioctl: 4.34.0-ioctl (2015-10-28) initialised: dm-devel@redhat.com
[   59.426085] ledtrig-cpu: registered to indicate activity on CPUs
[   59.493572] NET: Registered protocol family 10
[   59.550513] NET: Registered protocol family 17
[   59.550672] Key type dns_resolver registered
[   59.568032] registered taskstats version 1
[   59.568105] Loading compiled-in X.509 certificates
[   59.648073] Loaded X.509 cert 'Build time autogenerated kernel key: cf00e047681d67edb2720680708b7d9498083038'
[   59.648226] zswap: loaded using pool lzo/zbud
[   59.842740] Key type trusted registered
[   60.057040] Key type encrypted registered
[   60.057080] AppArmor: AppArmor sha1 policy hashing enabled
[   60.057097] ima: No TPM chip found, activating TPM-bypass!
[   60.058711] ima: Allocated hash algorithm: sha1
[   60.058818] evm: HMAC attrs: 0x1
[   60.075769]   Magic number: 11:212:185
[   60.303080] rtc_cmos rtc_cmos: setting system clock to 2023-02-27 15:12:14 UTC (1677510734)
[   60.303700] BIOS EDD facility v0.16 2004-Jun-25, 0 devices found
[   60.303703] EDD information not available.
[   64.789752] Freeing unused kernel memory: 1492K
[   65.079566] Write protecting the kernel read-only data: 14336k
[   65.372253] Freeing unused kernel memory: 1584K
[   65.514906] Freeing unused kernel memory: 52K
Loading, please wait...
starting version[   66.768004] random: systemd-udevd: uninitialized urandom read (16 bytes read, 57 bits of entropy available)
 229
[   66.928533] random: udevadm: uninitialized urandom read (16 bytes read, 57 bits of entropy available)
[   66.928595] random: udevadm: uninitialized urandom read (16 bytes read, 57 bits of entropy available)
[   67.452771] random: udevadm: uninitialized urandom read (16 bytes read, 57 bits of entropy available)
[   67.453150] random: udevadm: uninitialized urandom read (16 bytes read, 57 bits of entropy available)
[   67.453591] random: udevadm: uninitialized urandom read (16 bytes read, 57 bits of entropy available)
[   67.453591] random: udevadm: uninitialized urandom read (16 bytes read, 57 bits of entropy available)
[   67.453591] random: udevadm: uninitialized urandom read (16 bytes read, 57 bits of entropy available)
[   67.453591] random: udevadm: uninitialized urandom read (16 bytes read, 57 bits of entropy available)
[   67.468332] random: udevadm: uninitialized urandom read (16 bytes read, 57 bits of entropy available)
[   70.671774] e1000: Intel(R) PRO/1000 Network Driver - version 7.3.21-k8-NAPI
[   70.788224] e1000: Copyright (c) 1999-2006 Intel Corporation.
[   72.004341] Fusion MPT base driver 3.04.20
[   72.082389] Copyright (c) 1999-2008 LSI Corporation
[   74.567222] input: ImExPS/2 Generic Explorer Mouse as /devices/platform/i8042/serio1/input/input4
[   75.097928] Fusion MPT SPI Host driver 3.04.20
[   75.836300] SSE version of gcm_enc/dec engaged.
[   86.430541] e1000 0000:00:03.0 eth0: (PCI:33MHz:32-bit) 02:be:82:6b:cc:1d
[   86.511554] e1000 0000:00:03.0 eth0: Intel(R) PRO/1000 Network Connection
[   86.658847] e1000 0000:00:03.0 enp0s3: renamed from eth0
[   86.670993] mptbase: ioc0: Initiating bringup
[   86.949680] ioc0: LSI53C1030 A0: Capabilities={Initiator}
[   88.810291] scsi host2: ioc0: LSI53C1030 A0, FwRev=00000000h, Ports=1, MaxQ=256, IRQ=20
[   89.409109] scsi 2:0:0:0: Direct-Access     VBOX     HARDDISK         1.0  PQ: 0 ANSI: 5
[   89.588078] scsi target2:0:0: Beginning Domain Validation
[   89.885683] scsi target2:0:0: Domain Validation skipping write tests
[   90.026012] scsi target2:0:0: Ending Domain Validation
[   90.130828] scsi target2:0:0: asynchronous
[   90.307234] scsi 2:0:1:0: Direct-Access     VBOX     HARDDISK         1.0  PQ: 0 ANSI: 5
[   90.835151] scsi target2:0:1: Beginning Domain Validation
[   91.221399] scsi target2:0:1: Domain Validation skipping write tests
[   91.364360] scsi target2:0:1: Ending Domain Validation
[   91.520799] scsi target2:0:1: asynchronous
[   92.440488] sd 2:0:0:0: Attached scsi generic sg0 type 0
[   92.457559] sd 2:0:0:0: [sda] 83886080 512-byte logical blocks: (42.9 GB/40.0 GiB)
[   92.497760] sd 2:0:0:0: [sda] Write Protect is off
[   92.512053] sd 2:0:0:0: [sda] Incomplete mode parameter data
[   92.512065] sd 2:0:0:0: [sda] Assuming drive cache: write through
[   92.605162]  sda: sda1
[   92.694661] sd 2:0:0:0: [sda] Attached SCSI disk
[   93.080336] sd 2:0:1:0: Attached scsi generic sg1 type 0
[   93.098156] sd 2:0:1:0: [sdb] 20480 512-byte logical blocks: (10.5 MB/10.0 MiB)
[   93.122628] sd 2:0:1:0: [sdb] Write Protect is off
[   93.150224] sd 2:0:1:0: [sdb] Incomplete mode parameter data
[   93.150239] sd 2:0:1:0: [sdb] Assuming drive cache: write through
[   93.434595] sd 2:0:1:0: [sdb] Attached SCSI disk
[   94.195635] random: nonblocking pool is initialized
Begin: Loading essential drivers ... [  111.854776] md: linear personality registered for level -1
[  112.259868] md: multipath personality registered for level -4
[  112.676409] md: raid0 personality registered for level 0
[  113.378965] md: raid1 personality registered for level 1
[  113.785992] raid6: sse2x1   gen()   258 MB/s
[  113.959082] raid6: sse2x1   xor()   164 MB/s
[  114.113891] raid6: sse2x2   gen()   541 MB/s
[  114.260974] raid6: sse2x2   xor()   297 MB/s
[  114.405689] raid6: sse2x4   gen()   578 MB/s
[  114.546070] raid6: sse2x4   xor()   228 MB/s
[  114.626985] raid6: using algorithm sse2x4 gen() 578 MB/s
[  114.739191] raid6: .... xor() 228 MB/s, rmw enabled
[  114.840461] raid6: using ssse3x2 recovery algorithm
[  115.058709] xor: measuring software checksum speed
[  115.237648]    prefetch64-sse:  2364.000 MB/sec
[  115.378435]    generic_sse:  1266.000 MB/sec
[  115.479964] xor: using function: prefetch64-sse (2364.000 MB/sec)
[  115.760884] async_tx: api initialized (async)
[  117.723116] md: raid6 personality registered for level 6
[  117.851115] md: raid5 personality registered for level 5
[  118.007692] md: raid4 personality registered for level 4
[  119.142574] md: raid10 personality registered for level 10
done.
Begin: Running /scripts/init-premount ... done.
Begin: Mounting root file system ... Begin: Running /scripts/local-top ... done.
Begin: Running /scripts/local-premount ... [  122.527728] Btrfs loaded
Scanning for Btrfs filesystems
done.
Warning: fsck not present, so skipping root file system
[  127.352269] EXT4-fs (sda1): mounted filesystem with ordered data mode. Opts: (null)
done.
Begin: Running /scripts/local-bottom ... done.
Begin: Running /scripts/init-bottom ... done.
[  138.503346] systemd[1]: systemd 229 running in system mode. (+PAM +AUDIT +SELINUX +IMA +APPARMOR +SMACK +SYSVINIT +UTMP +LIBCRYPTSETUP +GCRYPT +GNUTLS +ACL +XZ -LZ4 +SECCOMP +BLKID +ELFUTILS +KMOD -IDN)
[  138.907981] systemd[1]: Detected virtualization oracle.
[  138.910583] systemd[1]: Detected architecture x86-64.

Welcome to [1mUbuntu 16.04.7 LTS[0m!

[  139.673842] systemd[1]: Set hostname to <ubuntu>.
[  140.007077] systemd[1]: Initializing machine ID from random generator.
[  140.009686] systemd[1]: Installed transient /etc/machine-id file.
[  152.967798] systemd[1]: Created slice System Slice.
[[0;32m  OK  [0m] Created slice System Slice.
[  153.303243] systemd[1]: Created slice system-serial\x2dgetty.slice.
[[0;32m  OK  [0m] Created slice system-serial\x2dgetty.slice.
[  153.603713] systemd[1]: Listening on Journal Socket (/dev/log).
[[0;32m  OK  [0m] Listening on Journal Socket (/dev/log).
[  153.928228] systemd[1]: Started Forward Password Requests to Wall Directory Watch.
[[0;32m  OK  [0m] Started Forward Password Requests to Wall Directory Watch.
[  154.710788] systemd[1]: Listening on Device-mapper event daemon FIFOs.
[[0;32m  OK  [0m] Listening on Device-mapper event daemon FIFOs.
[  155.122156] systemd[1]: Reached target System Time Synchronized.
[[0;32m  OK  [0m] Reached target System Time Synchronized.
[  155.573819] systemd[1]: Listening on /dev/initctl Compatibility Named Pipe.
[[0;32m  OK  [0m] Listening on /dev/initctl Compatibility Named Pipe.
[  156.015660] systemd[1]: Listening on udev Kernel Socket.
[[0;32m  OK  [0m] Listening on udev Kernel Socket.
[  156.498728] systemd[1]: Listening on LVM2 metadata daemon socket.
[[0;32m  OK  [0m] Listening on LVM2 metadata daemon socket.
[  156.893535] systemd[1]: Reached target Encrypted Volumes.
[[0;32m  OK  [0m] Reached target Encrypted Volumes.
[  157.140327] systemd[1]: Listening on Syslog Socket.
[[0;32m  OK  [0m] Listening on Syslog Socket.
[  157.437937] systemd[1]: Listening on udev Control Socket.
[[0;32m  OK  [0m] Listening on udev Control Socket.
[  157.805338] systemd[1]: Reached target User and Group Name Lookups.
[[0;32m  OK  [0m] Reached target User and Group Name Lookups.
[  158.122300] systemd[1]: Listening on Journal Socket.
[[0;32m  OK  [0m] Listening on Journal Socket.
[  158.364542] systemd[1]: Starting Nameserver information manager...
         Starting Nameserver information manager...
[  158.637988] systemd[1]: Mounting POSIX Message Queue File System...
         Mounting POSIX Message Queue File System...
[  158.934553] systemd[1]: Mounting Huge Pages File System...
         Mounting Huge Pages File System...
[  159.351466] systemd[1]: Mounting Debug File System...
         Mounting Debug File System...
[  159.880788] systemd[1]: Starting Load Kernel Modules...
         Starting Load Kernel Modules...
[  160.194143] systemd[1]: Created slice User and Session Slice.
[[0;32m  OK  [0m] Created slice User and Session Slice.
[  160.433600] systemd[1]: Reached target Slices.
[[0;32m  OK  [0m] Reached target Slices.
[  160.995042] systemd[1]: Starting Uncomplicated firewall...
[  161.217581] Loading iSCSI transport class v2.0-870.
         Starting Uncomplicated firewall...
[  161.667403] systemd[1]: Starting Set console keymap...
         Starting Set console keymap...
[  161.943277] systemd[1]: Listening on fsck to fsckd communication Socket.
[[0;32m  OK  [0m] Listening on fsck to fsckd communication Socket.
[  162.257338] iscsi: registered transport (tcp)
[  162.380079] systemd[1]: Started Trigger resolvconf update for networkd DNS.
[[0;32m  OK  [0m] Started Trigger resolvconf update for networkd DNS.
[  163.209189] systemd[1]: Set up automount Arbitrary Executable File Formats File System Automount Point.
[[0;32m  OK  [0m] Set up automount Arbitrary Executab...ats File System Automount Point.
[  164.351869] systemd[1]: Starting File System Check on Root Device...
         Starting File System Check on Root Device...
[  164.933382] systemd[1]: Starting Monitoring of LVM2 mirrors, snapshots etc. using dmeventd or progress polling...
[  165.369336] systemd[1]: Listening on LVM2 poll daemon socket.
         Starting Monitoring of LVM2 mirrors... dmeventd or progress polling...
[[0;32m  OK  [0m] Listening on LVM2 poll daemon socket.
[  165.834104] systemd[1]: Reached target Swap.
[[0;32m  OK  [0m] Reached target Swap.
[  166.497131] systemd[1]: Starting Create list of required static device nodes for the current kernel...
         Starting Create list of required st... nodes for the current kernel...
[  167.146844] systemd[1]: Listening on Journal Audit Socket.
[  167.303762] iscsi: registered transport (iser)
[[0;32m  OK  [0m] Listening on Journal Audit Socket.
[  167.695337] systemd[1]: Starting Journal Service...
         Starting Journal Service...
[  168.236670] systemd[1]: Mounted Huge Pages File System.
[[0;32m  OK  [0m] Mounted Huge Pages File System.
[  168.429863] systemd[1]: Mounted POSIX Message Queue File System.
[[0;32m  OK  [0m] Mounted POSIX Message Queue File System.
[  168.577812] systemd[1]: Mounted Debug File System.
[[0;32m  OK  [0m] Mounted Debug File System.
[  168.714141] systemd[1]: Started Journal Service.
[[0;32m  OK  [0m] Started Journal Service.
[[0;32m  OK  [0m] Started Load Kernel Modules.
[[0;32m  OK  [0m] Started Uncomplicated firewall.
[[0;32m  OK  [0m] Started Set console keymap.
[[0;32m  OK  [0m] Started File System Check on Root Device.
[[0;32m  OK  [0m] Started Create list of required sta...ce nodes for the current kernel.
[[0;32m  OK  [0m] Started Nameserver information manager.
[[0;32m  OK  [0m] Started LVM2 metadata daemon.
[[0;32m  OK  [0m] Started File System Check Daemon to report status.
         Starting Create Static Device Nodes in /dev...
         Starting Remount Root and Kernel File Systems...
         Mounting FUSE Control File System...
         Starting Apply Kernel Variables...
[[0;32m  OK  [0m] Mounted FUSE Control File System.
[  173.266021] EXT4-fs (sda1): re-mounted. Opts: (null)
[[0;32m  OK  [0m] Started Monitoring of LVM2 mirrors,...ng dmeventd or progress polling.
[[0;32m  OK  [0m] Started Remount Root and Kernel File Systems.
         Starting udev Coldplug all Devices...
         Starting Flush Journal to Persistent Storage...
         Starting Load/Save Random Seed...
[[0;32m  OK  [0m] Started Apply Kernel Variables.
[[0;32m  OK  [0m] Started Load/Save Random Seed.
[[0;32m  OK  [0m] Started Create Static Device Nodes in /dev.
[[0;32m  OK  [0m] Reached target Local File Systems (Pre).
[[0;32m  OK  [0m] Reached target Local File Systems.
         Starting Initial cloud-init job (pre-networking)...
         Starting LSB: AppArmor initialization...
         Starting Commit a transient machine-id on disk...
         Starting Set console font and keymap...
         Starting Tell Plymouth To Write Out Runtime Data...
         Starting udev Kernel Device Manager...
[[0;32m  OK  [0m] Started Commit a transient machine-id on disk.
[[0;32m  OK  [0m] Started Tell Plymouth To Write Out Runtime Data.
[[0;32m  OK  [0m] Started Flush Journal to Persistent Storage.
         Starting Create Volatile Files and Directories...
[[0;32m  OK  [0m] Started Create Volatile Files and Directories.
         Starting Update UTMP about System Boot/Shutdown...
[[0;32m  OK  [0m] Started udev Coldplug all Devices.
[[0;32m  OK  [0m] Started udev Kernel Device Manager.
[[0;32m  OK  [0m] Started Dispatch Password Requests to Console Directory Watch.
[[0;32m  OK  [0m] Started Update UTMP about System Boot/Shutdown.
[[0;32m  OK  [0m] Found device /dev/ttyS0.
[[0;32m  OK  [0m] Listening on Load/Save RF Kill Switch Status /dev/rfkill Watch.
[[0;32m  OK  [0m] Started LSB: AppArmor initialization.
[  250.649328] cloud-init[485]: Cloud-init v. 21.1-19-gbad84ad4-0ubuntu1~16.04.2 running 'init-local' at Mon, 27 Feb 2023 15:15:21 +0000. Up 246.83 seconds.
[[0;32m  OK  [0m] Started Initial cloud-init job (pre-networking).
[[0;32m  OK  [0m] Reached target Network (Pre).
         Starting Raise network interfaces...
         Starting Load AppArmor profiles managed internally by snapd...
[[0;32m  OK  [0m] Started Set console font and keymap.
[[0;32m  OK  [0m] Started Load AppArmor profiles managed internally by snapd.
[[0;32m  OK  [0m] Created slice system-getty.slice.
[[0;32m  OK  [0m] Started Raise network interfaces.
[[0;32m  OK  [0m] Reached target Network.
         Starting Initial cloud-init job (metadata service crawler)...
[  255.335993] cloud-init[973]: Cloud-init v. 21.1-19-gbad84ad4-0ubuntu1~16.04.2 running 'init' at Mon, 27 Feb 2023 15:15:28 +0000. Up 254.04 seconds.
[  255.350688] cloud-init[973]: ci-info: ++++++++++++++++++++++++++++++++++++++Net device info++++++++++++++++++++++++++++++++++++++
[  255.364059] cloud-init[973]: ci-info: +--------+------+----------------------------+---------------+--------+-------------------+
[  255.376286] cloud-init[973]: ci-info: | Device |  Up  |          Address           |      Mask     | Scope  |     Hw-Address    |
[  255.389717] cloud-init[973]: ci-info: +--------+------+----------------------------+---------------+--------+-------------------+
[  255.402455] cloud-init[973]: ci-info: | enp0s3 | True |         10.0.2.15          | 255.255.255.0 | global | 02:be:82:6b:cc:1d |
[  255.416619] cloud-init[973]: ci-info: | enp0s3 | True | fe80::be:82ff:fe6b:cc1d/64 |       .       |  link  | 02:be:82:6b:cc:1d |
[  255.432697] cloud-init[973]: ci-info: |   lo   | True |         127.0.0.1          |   255.0.0.0   |  host  |         .         |
[  255.446569] cloud-init[973]: ci-info: |   lo   | True |          ::1/128           |       .       |  host  |         .         |
[  255.459502] cloud-init[973]: ci-info: +--------+------+----------------------------+---------------+--------+-------------------+
[  255.472125] cloud-init[973]: ci-info: +++++++++++++++++++++++++++Route IPv4 info++++++++++++++++++++++++++++
[  255.484040] cloud-init[973]: ci-info: +-------+-------------+----------+---------------+-----------+-------+
[  255.497838] cloud-init[973]: ci-info: | Route | Destination | Gateway  |    Genmask    | Interface | Flags |
[  255.510528] cloud-init[973]: ci-info: +-------+-------------+----------+---------------+-----------+-------+
[  255.522024] cloud-init[973]: ci-info: |   0   |   0.0.0.0   | 10.0.2.2 |    0.0.0.0    |   enp0s3  |   UG  |
[  255.535187] cloud-init[973]: ci-info: |   1   |   10.0.2.0  | 0.0.0.0  | 255.255.255.0 |   enp0s3  |   U   |
[  255.551145] cloud-init[973]: ci-info: +-------+-------------+----------+---------------+-----------+-------+
[  255.565483] cloud-init[973]: ci-info: +++++++++++++++++++Route IPv6 info+++++++++++++++++++
[  255.576754] cloud-init[973]: ci-info: +-------+-------------+---------+-----------+-------+
[  255.586881] cloud-init[973]: ci-info: | Route | Destination | Gateway | Interface | Flags |
[  255.598539] cloud-init[973]: ci-info: +-------+-------------+---------+-----------+-------+
[  255.611678] cloud-init[973]: ci-info: |   0   |  fe80::/64  |    ::   |   enp0s3  |   U   |
[  255.622406] cloud-init[973]: ci-info: |   3   |   ff00::/8  |    ::   |   enp0s3  |   U   |
[  255.631947] cloud-init[973]: ci-info: +-------+-------------+---------+-----------+-------+
[  255.643532] cloud-init[973]: Generating public/private rsa key pair.
[  255.653587] cloud-init[973]: Your identification has been saved in /etc/ssh/ssh_host_rsa_key.
[  255.668715] cloud-init[973]: Your public key has been saved in /etc/ssh/ssh_host_rsa_key.pub.
[  255.681855] cloud-init[973]: The key fingerprint is:
[  255.690086] cloud-init[973]: SHA256:EAmIBpCazr1PhRT6I10+EjpE5zc70FEz8dn3ru82n60 root@ubuntu-xenial
[  255.702274] cloud-init[973]: The key's randomart image is:
[  255.710415] cloud-init[973]: +---[RSA 2048]----+
[  255.718402] cloud-init[973]: |=o o.+.o.=.      |
[[  255.727579] cloud-init[973]: |o.o + +.. + o    |
[  255.731057] cloud-init[973]: |o. o =.=   o . . |
[  255.732408] cloud-init[973]: |o . = B.o     . .|
[  255.732842] cloud-init[973]: |o .+ * *S       .|
[  255.733590] cloud-init[973]: | o .o + o      . |
[  255.734358] cloud-init[973]: |    ..          .|
[  255.735042] cloud-init[973]: |   ..          o+|
[  255.735750] cloud-init[973]: |    ..        E*B|
[  255.738647] cloud-init[973]: +----[SHA256]-----+
[  255.739516] cloud-init[973]: Generating public/private dsa key pair.
[  255.740767] cloud-init[973]: Your identification has been saved in /etc/ssh/ssh_host_dsa_key.
[  255.741784] cloud-init[973]: Your public key has been saved in /etc/ssh/ssh_host_dsa_key.pub.
[  255.742783] cloud-init[973]: The key fingerprint is:
[  255.743520] cloud-init[973]: SHA256:KSj4RP55L6LNhUYNTThQfANvYfDgoGreGJ2sY8IgNPU root@ubuntu-xenial
[  255.744958] cloud-init[973]: The key's randomart image is:
[  255.745170] cloud-init[973]: +---[DSA 1024]----+
[  255.745847] cloud-init[973]: |  o==++          |
[  255.746542] cloud-init[973]: | ..o=Bo.         |
[  255.747240] cloud-init[973]: |.o. oE=.         |
[  255.748230] cloud-init[973]: |o++ .=   .       |
[  255.749734] cloud-init[973]: |=o++o o S        |
[  255.750849] cloud-init[973]: |*o=+ o .         |
[  255.751693] cloud-init[973]: |.B..= o          |
[  255.753900] cloud-init[973]: |o .+.o..         |
[  255.754324] cloud-init[973]: |  ..o. ..        |
[  255.755190] cloud-init[973]: +----[SHA256]-----+
[  255.756843] cloud-init[973]: Generating public/private ecdsa key pair.
[  255.757265] cloud-init[973]: Your identification has been saved in /etc/ssh/ssh_host_ecdsa_key.
[  255.758274] cloud-init[973]: Your public key has been saved in /etc/ssh/ssh_host_ecdsa_key.pub.
[  255.759171] cloud-init[973]: The key fingerprint is:
[  255.760441] cloud-init[973]: SHA256:0ZuyPbn0YMQHddaHgtNN3mP86Wm5jHzh60XCmKHBA3E root@ubuntu-xenial
[  255.761031] cloud-init[973]: The key's randomart image is:
[  255.762318] cloud-init[973]: +---[ECDSA 256]---+
[  255.762886] cloud-init[973]: |        o.Eo.o+o |
[  255.763688] cloud-init[973]: |         =o.o++.o|
[  255.765387] cloud-init[973]: |        . *....+o|
[  255.766194] cloud-init[973]: |         o B =. +|
[  255.766956] cloud-init[973]: |        S * + o.o|
[  255.767901] cloud-init[973]: |         = o  .+o|
[  255.771181] cloud-init[973]: |        . B   .=o|
[  255.771854] cloud-init[973]: |         o =. +oo|
[  255.773936] cloud-init[973]: |          . .oo=.|
[  255.774713] cloud-init[973]: +----[SHA256]-----+
[  255.775466] cloud-init[973]: Generating public/private ed25519 key pair.
[  255.778672] cloud-init[973]: Your identification has been saved in /etc/ssh/ssh_host_ed25519_key.
[  255.779503] cloud-init[973]: Your public key has been saved in /etc/ssh/ssh_host_ed25519_key.pub.
[  255.780642] cloud-init[973]: The key fingerprint is:
[  255.781048] cloud-init[973]: SHA256:f5NT2TsC4oay/o/XAVpKT5bxhBbBfTERiQj13MCLdh0 root@ubuntu-xenial
[  255.781729] cloud-init[973]: The key's randomart image is:
[  255.782450] cloud-init[973]: +--[ED25519 256]--+
[  255.783356] cloud-init[973]: |       .++B..==  |
[  255.784586] cloud-init[973]: |         *o=oE.  |
[  255.785317] cloud-init[973]: |        . *o+..  |
[  255.786537] cloud-init[973]: |       . O + . o |
[  255.788970] cloud-init[973]: |      . S.o.  o .|
[  255.792671] cloud-init[973]: |       ooo...o  .|
[  255.793251] cloud-init[973]: |     . . oo *. o |
[  255.794056] cloud-init[973]: |      o o. o o. .|
[  255.794928] cloud-init[973]: |    .o.oo.       |
[  255.795754] cloud-init[973]: +----[SHA256]-----+
[0;32m  OK  [0m] Started Initial cloud-init job (metadata service crawler).
[[0;32m  OK  [0m] Reached target Cloud-config availability.
[[0;32m  OK  [0m] Reached target System Initialization.
[[0;32m  OK  [0m] Listening on UUID daemon activation socket.
[[0;32m  OK  [0m] Started ACPI Events Check.
[[0;32m  OK  [0m] Reached target Paths.
[[0;32m  OK  [0m] Started Ubuntu Advantage update messaging.
[[0;32m  OK  [0m] Listening on ACPID Listen Socket.
         Starting LXD - unix socket.
[[0;32m  OK  [0m] Listening on D-Bus System Message Bus Socket.
         Starting Socket activation for snappy daemon.
[[0;32m  OK  [0m] Started Daily apt download activities.
[[0;32m  OK  [0m] Started Daily Cleanup of Temporary Directories.
[[0;32m  OK  [0m] Started Daily apt upgrade and clean activities.
[[0;32m  OK  [0m] Started Message of the Day.
[[0;32m  OK  [0m] Reached target Timers.
[[0;32m  OK  [0m] Reached target Network is Online.
         Starting iSCSI initiator daemon (iscsid)...
[[0;32m  OK  [0m] Listening on LXD - unix socket.
[[0;32m  OK  [0m] Listening on Socket activation for snappy daemon.
[[0;32m  OK  [0m] Reached target Sockets.
[[0;32m  OK  [0m] Reached target Basic System.
         Starting /etc/rc.local Compatibility...
         Starting System Logging Service...
         Starting Snap Daemon...
[[0;32m  OK  [0m] Started D-Bus System Message Bus.
[[0;32m  OK  [0m] Started Deferred execution scheduler.
         Starting LSB: MD monitoring daemon...
[[0;32m  OK  [0m] Started Regular background program processing daemon.
         Starting Pollinate to seed the pseudo random number generator...
         Starting Virtualbox guest utils...
         Starting LSB: Record successful boot for GRUB...
         Starting Accounts Service...
         Starting Login Service...
[[0;32m  OK  [0m] Started ACPI event daemon.
[[0;32m  OK  [0m] Started FUSE filesystem for LXC.
         Starting LXD - container startup/shutdown...
[[0;32m  OK  [0m] Started System Logging Service.
[[0;32m  OK  [0m] Started iSCSI initiator daemon (iscsid).
[[0;32m  OK  [0m] Started /etc/rc.local Compatibility.
[[0;32m  OK  [0m] Started Login Service.
[[0;32m  OK  [0m] Started Unattended Upgrades Shutdown.
         Starting Login to default iSCSI targets...
[[0;32m  OK  [0m] Started LSB: Record successful boot for GRUB.
[[0;32m  OK  [0m] Started LSB: MD monitoring daemon.
         Starting Authenticate and Authorize Users to Run Privileged Tasks...
[[0;32m  OK  [0m] Started Login to default iSCSI targets.
[[0;32m  OK  [0m] Reached target Remote File Systems (Pre).
[[0;32m  OK  [0m] Reached target Remote File Systems.
         Starting LSB: Set the CPU Frequency Scaling governor to "ondemand"...
         Starting Permit User Sessions...
         Starting LSB: automatic crash report generation...
         Starting LSB: daemon to balance interrupts for SMP systems...
[[0;32m  OK  [0m] Started Permit User Sessions.
         Starting Hold until boot process finishes up...
         Starting Terminate Plymouth Boot Screen...
[[0;32m  OK  [0m] Started LSB: Set the CPU Frequency Scaling governor to "ondemand".
[[0;32m  OK  [0m] Started Hold until boot process finishes up.
[[0;32m  OK  [0m] Started Terminate Plymouth Boot Screen.
[[0;32m  OK  [0m] Started Authenticate and Authorize Users to Run Privileged Tasks.
         Starting Set console scheme...
[[0;32m  OK  [0m] Started Serial Getty on ttyS0.
[[0;32m  OK  [0m] Started Getty on tty1.
[[0;32m  OK  [0m] Reached target Login Prompts.
[[0;32m  OK  [0m] Started Set console scheme.
[[0;32m  OK  [0m] Started Accounts Service.
[[0;32m  OK  [0m] Started LSB: automatic crash report generation.
[[0;32m  OK  [0m] Started LSB: daemon to balance interrupts for SMP systems.
[[0;32m  OK  [0m] Started Virtualbox guest utils.
[[0;32m  OK  [0m] Started LXD - container startup/shutdown.
[[0;32m  OK  [0m] Started Snap Daemon.
         Starting Wait until snapd is fully seeded...
[[0;32m  OK  [0m] Started Pollinate to seed the pseudo random number generator.
         Starting OpenBSD Secure Shell server...
[[0;32m  OK  [0m] Started Wait until snapd is fully seeded.
         Starting Apply the settings specified in cloud-config...
[[0;32m  OK  [0m] Started OpenBSD Secure Shell server.
[[0;32m  OK  [0m] Reached target Multi-User System.
[[0;32m  OK  [0m] Reached target Graphical Interface.
         Starting Update UTMP about System Runlevel Changes...
[[0;32m  OK  [0m] Started Update UTMP about System Runlevel Changes.
[  260.096236] cloud-init[1319]: Generating locales (this might take a while)...
[  262.752922] cloud-init[1319]:   en_US.UTF-8... done
[  262.924855] cloud-init[1319]: Generation complete.
[  263.777699] cloud-init[1319]: Cloud-init v. 21.1-19-gbad84ad4-0ubuntu1~16.04.2 running 'modules:config' at Mon, 27 Feb 2023 15:15:34 +0000. Up 259.71 seconds.

Ubuntu 16.04.7 LTS ubuntu-xenial ttyS0

ubuntu-xenial login: ci-info: no authorized SSH keys fingerprints found for user ubuntu.
<14>Feb 27 15:15:39 ec2: 
<14>Feb 27 15:15:39 ec2: #############################################################
<14>Feb 27 15:15:39 ec2: -----BEGIN SSH HOST KEY FINGERPRINTS-----
<14>Feb 27 15:15:39 ec2: 1024 SHA256:KSj4RP55L6LNhUYNTThQfANvYfDgoGreGJ2sY8IgNPU root@ubuntu-xenial (DSA)
<14>Feb 27 15:15:39 ec2: 256 SHA256:0ZuyPbn0YMQHddaHgtNN3mP86Wm5jHzh60XCmKHBA3E root@ubuntu-xenial (ECDSA)
<14>Feb 27 15:15:39 ec2: 256 SHA256:f5NT2TsC4oay/o/XAVpKT5bxhBbBfTERiQj13MCLdh0 root@ubuntu-xenial (ED25519)
<14>Feb 27 15:15:39 ec2: 2048 SHA256:EAmIBpCazr1PhRT6I10+EjpE5zc70FEz8dn3ru82n60 root@ubuntu-xenial (RSA)
<14>Feb 27 15:15:39 ec2: -----END SSH HOST KEY FINGERPRINTS-----
<14>Feb 27 15:15:39 ec2: #############################################################
-----BEGIN SSH HOST KEY KEYS-----
ecdsa-sha2-nistp256 AAAAE2VjZHNhLXNoYTItbmlzdHAyNTYAAAAIbmlzdHAyNTYAAABBBLNvLbxIzzM1dTcpJpQ8MrAk/hoz1028f4+TTqg4b5Hn9OpcR/rg+v/EnvFv3pEeynwudbGS9yY4vgt7XAjp+Sg= root@ubuntu-xenial
ssh-ed25519 AAAAC3NzaC1lZDI1NTE5AAAAINBqz6vEQ7mSB45V/CUZNzMLN8oeyD1h+iS5s7cZ85CB root@ubuntu-xenial
ssh-rsa AAAAB3NzaC1yc2EAAAADAQABAAABAQCu9EkVbP5uqfLhIgLQ7MfiGI4lLTlb6A0QnejLxrCDD+FAiffxpylHzOApHqLlOua64HGo3bZuwn0CgNn7w4QcEF8RHxZNUjV8eZFIHwNX3yi0ScOqrv9uh6+sJekGvuqHHvUhTJDlYMOHdSqr1mvHTkBqALERppHj1Tyq/oU/ztB68jCdAU5t52JgI20IwPNZk5w0JZYobpFLkmEeaU36BgPbjFqZNjNmjGnLS/zJQDbc4SzJH3IQlu40aXEVfqr5kqCiykC4d0eE0dP3Umd8T7gFP7FUw4ftUdCEK4oG499WVgPT0nSnCQHihxzNCsdqhAO9o6CS/Ghl4X2wSSKt root@ubuntu-xenial
-----END SSH HOST KEY KEYS-----
[  264.973481] cloud-init[1376]: Cloud-init v. 21.1-19-gbad84ad4-0ubuntu1~16.04.2 running 'modules:final' at Mon, 27 Feb 2023 15:15:38 +0000. Up 264.52 seconds.
[  264.994904] cloud-init[1376]: ci-info: no authorized SSH keys fingerprints found for user ubuntu.
[  265.013717] cloud-init[1376]: Cloud-init v. 21.1-19-gbad84ad4-0ubuntu1~16.04.2 finished at Mon, 27 Feb 2023 15:15:39 +0000. Datasource DataSourceNoCloud [seed=/dev/sdb][dsmode=net].  Up 264.87 seconds
